<?xml version="1.0" encoding="UTF-8"?>
<!-- Generated by org.testng.reporters.JUnitXMLReporter -->
<testsuite ignored="5" hostname="LAPTOP-KPEQ55GB" failures="0" tests="1" name="Default test" time="4.886" errors="0" timestamp="2023-10-21T13:29:08 IST">
  <testcase classname="Practice.Myntra" name="upload" time="4.849"/>
  <testcase classname="Practice.Myntra" name="spicejet" time="0.0">
    <ignored/>
  </testcase> <!-- spicejet -->
  <testcase classname="Practice.Myntra" name="myntra1" time="0.0">
    <ignored/>
  </testcase> <!-- myntra1 -->
  <testcase classname="Practice.Myntra" name="calendar1" time="0.0">
    <ignored/>
  </testcase> <!-- calendar1 -->
  <testcase classname="Practice.Myntra" name="calendar" time="0.0">
    <ignored/>
  </testcase> <!-- calendar -->
  <testcase classname="Practice.Myntra" name="Myntra" time="0.0">
    <ignored/>
  </testcase> <!-- Myntra -->
</testsuite> <!-- Default test -->
