<?xml version="1.0" encoding="UTF-8"?>
<testng-results ignored="0" total="1" passed="1" failed="0" skipped="0">
  <reporter-output>
  </reporter-output>
  <suite started-at="2023-10-21T13:29:03 IST" name="Default suite" finished-at="2023-10-21T13:29:08 IST" duration-ms="4886">
    <groups>
    </groups>
    <test started-at="2023-10-21T13:29:03 IST" name="Default test" finished-at="2023-10-21T13:29:08 IST" duration-ms="4886">
      <class name="Practice.Myntra">
        <test-method signature="upload()[pri:0, instance:Practice.Myntra@537f60bf]" started-at="2023-10-21T13:29:03 IST" name="upload" finished-at="2023-10-21T13:29:08 IST" duration-ms="4849" status="PASS">
          <reporter-output>
          </reporter-output>
        </test-method> <!-- upload -->
      </class> <!-- Practice.Myntra -->
    </test> <!-- Default test -->
  </suite> <!-- Default suite -->
</testng-results>
